<?xml version="1.0" encoding="UTF-8"?>
<!-- Generated by org.testng.reporters.JUnitReportReporter -->
<testsuite hostname="SARITA" failures="0" tests="6" name="TestLayer.RegisterSuccessPageTest" time="1.441" errors="0" timestamp="2023-09-22T18:09:35 IST" skipped="0">
  <testcase classname="TestLayer.RegisterSuccessPageTest" name="validateHomePageUrl" time="0.202"/>
  <system-out/>
  <testcase classname="TestLayer.RegisterSuccessPageTest" name="validateHomePageUrl" time="0.008"/>
  <system-out/>
  <testcase classname="TestLayer.RegisterSuccessPageTest" name="validateRegisterSuccessPageTitle" time="0.147"/>
  <system-out/>
  <testcase classname="TestLayer.RegisterSuccessPageTest" name="validateRegisterSuccessPageTitle" time="0.232"/>
  <system-out/>
  <testcase classname="TestLayer.RegisterSuccessPageTest" name="clickOnSubmit" time="0.316"/>
  <system-out/>
  <testcase classname="TestLayer.RegisterSuccessPageTest" name="clickOnSubmit" time="0.536"/>
  <system-out/>
</testsuite> <!-- TestLayer.RegisterSuccessPageTest -->
