<?xml version="1.0" encoding="UTF-8"?>
<!-- Generated by org.testng.reporters.JUnitReportReporter -->
<testsuite hostname="SARITA" failures="0" tests="2" name="TestLayer.RegisterPageTest" time="29.819" errors="0" timestamp="2023-09-22T18:09:35 IST" skipped="0">
  <testcase classname="TestLayer.RegisterPageTest" name="validateRegisterPageFunctionality" time="11.019"/>
  <system-out/>
  <testcase classname="TestLayer.RegisterPageTest" name="validateRegisterPageFunctionality" time="18.800"/>
  <system-out/>
</testsuite> <!-- TestLayer.RegisterPageTest -->
