<?xml version="1.0" encoding="UTF-8"?>
<!-- Generated by org.testng.reporters.JUnitReportReporter -->
<testsuite hostname="SARITA" failures="0" tests="2" name="TestLayer.LoginSuccessPageTest" time="0.191" errors="0" timestamp="2023-09-22T18:09:35 IST" skipped="0">
  <testcase classname="TestLayer.LoginSuccessPageTest" name="validateLoginSuccessPage" time="0.109"/>
  <system-out/>
  <testcase classname="TestLayer.LoginSuccessPageTest" name="validateLoginSuccessPage" time="0.082"/>
  <system-out/>
</testsuite> <!-- TestLayer.LoginSuccessPageTest -->
