<?xml version="1.0" encoding="UTF-8"?>
<!-- Generated by org.testng.reporters.JUnitReportReporter -->
<testsuite hostname="SARITA" failures="0" tests="6" name="TestLayer.SignOnPageTest" time="14.335" errors="0" timestamp="2023-09-22T18:09:35 IST" skipped="0">
  <testcase classname="TestLayer.SignOnPageTest" name="validateSignOnPageUrl" time="0.067"/>
  <system-out/>
  <testcase classname="TestLayer.SignOnPageTest" name="validateSignOnPageUrl" time="0.019"/>
  <system-out/>
  <testcase classname="TestLayer.SignOnPageTest" name="validateSignOnPageTitle" time="0.612"/>
  <system-out/>
  <testcase classname="TestLayer.SignOnPageTest" name="validateSignOnPageTitle" time="0.288"/>
  <system-out/>
  <testcase classname="TestLayer.SignOnPageTest" name="validateSignOnPageFunctionality" time="6.002"/>
  <system-out/>
  <testcase classname="TestLayer.SignOnPageTest" name="validateSignOnPageFunctionality" time="7.347"/>
  <system-out/>
</testsuite> <!-- TestLayer.SignOnPageTest -->
